Arguments: 
  /usr/bin/node /usr/share/yarn/bin/yarn.js add git-commit-linter -D

PATH: 
  /usr/local/sbin:/usr/local/bin:/usr/sbin:/usr/bin:/sbin:/bin:/usr/games:/usr/local/games:/snap/bin:/home/rafael/Android/Sdk/emulator:/home/rafael/Android/Sdk/tools:/home/rafael/Android/Sdk/tools/bin:/home/rafael/Android/Sdk/platform-tools:/home/rafael/.yarn/bin

Yarn version: 
  1.22.0

Node version: 
  10.21.0

Platform: 
  linux x64

Trace: 
  Error: https://registry.yarnpkg.com/git-commit-linter: Not found
      at Request.params.callback [as _callback] (/usr/share/yarn/lib/cli.js:66975:18)
      at Request.self.callback (/usr/share/yarn/lib/cli.js:140727:22)
      at Request.emit (events.js:198:13)
      at Request.<anonymous> (/usr/share/yarn/lib/cli.js:141699:10)
      at Request.emit (events.js:198:13)
      at IncomingMessage.<anonymous> (/usr/share/yarn/lib/cli.js:141621:12)
      at Object.onceWrapper (events.js:286:20)
      at IncomingMessage.emit (events.js:203:15)
      at endReadableNT (_stream_readable.js:1145:12)
      at process._tickCallback (internal/process/next_tick.js:63:19)

npm manifest: 
  {
    "name": "cleancode",
    "version": "1.0.0",
    "main": "index.js",
    "license": "MIT"
  }

yarn manifest: 
  No manifest

Lockfile: 
  No lockfile
